<?xml version="1.0" encoding="UTF-8"?>
<testsuite xmlns:xsi="http://www.w3.org/2001/XMLSchema-instance" xsi:noNamespaceSchemaLocation="https://maven.apache.org/surefire/maven-surefire-plugin/xsd/surefire-test-report.xsd" version="3.0.2" name="me.kadirlofca.java_sql_assignment.EmployeeValidatorTest" time="0.064" tests="3" errors="0" skipped="0" failures="0">
  <properties>
[...]
</properties>
  <testcase name="stringWithSpecialCharactersShouldBeInvalid" classname="me.kadirlofca.java_sql_assignment.EmployeeValidatorTest" time="0.031"/>
  <testcase name="nullStringShouldBeInvalid" classname="me.kadirlofca.java_sql_assignment.EmployeeValidatorTest" time="0.003"/>
  <testcase name="emailWithWrongFormatShouldBeInvalid" classname="me.kadirlofca.java_sql_assignment.EmployeeValidatorTest" time="0.002"/>
</testsuite>